2022-07-18 19:21:33,965:INFO:PyCaret Supervised Module
2022-07-18 19:21:33,965:INFO:ML Usecase: classification
2022-07-18 19:21:33,965:INFO:version 2.2.2
2022-07-18 19:21:33,965:INFO:Initializing setup()
2022-07-18 19:21:33,965:INFO:setup(target=medv, ml_usecase=classification, available_plots={'parameter': 'Hyperparameters', 'auc': 'AUC', 'confusion_matrix': 'Confusion Matrix', 'threshold': 'Threshold', 'pr': 'Precision Recall', 'error': 'Prediction Error', 'class_report': 'Class Report', 'rfe': 'Feature Selection', 'learning': 'Learning Curve', 'manifold': 'Manifold Learning', 'calibration': 'Calibration Curve', 'vc': 'Validation Curve', 'dimension': 'Dimensions', 'feature': 'Feature Importance', 'feature_all': 'Feature Importance (All)', 'boundary': 'Decision Boundary', 'lift': 'Lift Chart', 'gain': 'Gain Chart', 'tree': 'Decision Tree'}, train_size=0.7, test_data=None, preprocess=True, imputation_type=simple, iterative_imputation_iters=5, categorical_features=None, categorical_imputation=constant, categorical_iterative_imputer=lightgbm, ordinal_features=None, high_cardinality_features=None, high_cardinality_method=frequency, numeric_features=None, numeric_imputation=mean, numeric_iterative_imputer=lightgbm, date_features=None, ignore_features=None, normalize=False, normalize_method=zscore, transformation=False, transformation_method=yeo-johnson, handle_unknown_categorical=True, unknown_categorical_method=least_frequent, pca=False, pca_method=linear, pca_components=None, ignore_low_variance=False, combine_rare_levels=False, rare_level_threshold=0.1, bin_numeric_features=None, remove_outliers=False, outliers_threshold=0.05, remove_multicollinearity=False, multicollinearity_threshold=0.9, remove_perfect_collinearity=True, create_clusters=False, cluster_iter=20, polynomial_features=False, polynomial_degree=2, trigonometry_features=False, polynomial_threshold=0.1, group_features=None, group_names=None, feature_selection=False, feature_selection_threshold=0.8, feature_selection_method=classic, feature_interaction=False, feature_ratio=False, interaction_threshold=0.01, fix_imbalance=False, fix_imbalance_method=None, transform_target=False, transform_target_method=box-cox, data_split_shuffle=True, data_split_stratify=False, fold_strategy=stratifiedkfold, fold=10, fold_shuffle=False, fold_groups=None, n_jobs=-1, use_gpu=False, custom_pipeline=None, html=True, session_id=None, log_experiment=False, experiment_name=None, log_plots=False, log_profile=False, log_data=False, silent=False, verbose=True, profile=False, profile_kwargs=None, display=None)
2022-07-18 19:21:33,967:INFO:Checking environment
2022-07-18 19:21:33,967:INFO:python_version: 3.9.12
2022-07-18 19:21:33,967:INFO:python_build: ('main', 'Apr  4 2022 05:22:27')
2022-07-18 19:21:33,968:INFO:machine: AMD64
2022-07-18 19:21:33,968:INFO:platform: Windows-10-10.0.22000-SP0
2022-07-18 19:21:33,968:INFO:Memory: svmem(total=8266305536, available=2849632256, percent=65.5, used=5416673280, free=2849632256)
2022-07-18 19:21:33,968:INFO:Physical Core: 4
2022-07-18 19:21:33,968:INFO:Logical Core: 8
2022-07-18 19:21:33,968:INFO:Checking libraries
2022-07-18 19:21:33,968:INFO:pd==1.4.2
2022-07-18 19:21:33,968:INFO:numpy==1.21.5
2022-07-18 19:21:33,968:INFO:sklearn==1.1.1
2022-07-18 19:21:33,991:INFO:xgboost==1.6.1
2022-07-18 19:21:33,991:INFO:lightgbm==3.3.2
2022-07-18 19:21:34,009:INFO:catboost==1.0.6
2022-07-18 19:21:34,494:INFO:mlflow==1.27.0
2022-07-18 19:21:34,494:INFO:Checking Exceptions
2022-07-18 19:21:34,494:INFO:Declaring global variables
2022-07-18 19:21:34,494:INFO:USI: 6224
2022-07-18 19:21:34,494:INFO:pycaret_globals: {'X_train', 'USI', 'seed', 'gpu_param', 'iterative_imputation_iters_param', 'log_plots_param', 'X', 'transform_target_param', 'n_jobs_param', 'imputation_regressor', 'prep_pipe', 'X_test', 'y_test', 'display_container', 'create_model_container', 'html_param', 'fix_imbalance_param', '_all_metrics', 'fold_param', 'y_train', '_all_models_internal', '_ml_usecase', 'stratify_param', 'y', 'imputation_classifier', 'target_param', 'fold_generator', 'fold_groups_param', 'exp_name_log', '_gpu_n_jobs_param', '_internal_pipeline', 'fold_shuffle_param', 'transform_target_method_param', 'logging_param', '_available_plots', 'master_model_container', 'fix_imbalance_method_param', 'experiment__', 'data_before_preprocess', '_all_models', 'pycaret_globals'}
2022-07-18 19:21:34,494:INFO:Preparing display monitor
2022-07-18 19:21:34,494:INFO:Preparing display monitor
2022-07-18 19:21:34,494:INFO:Importing libraries
2022-07-18 19:21:34,509:INFO:Copying data for preprocessing
2022-07-18 19:21:34,514:INFO:Declaring preprocessing parameters
2022-07-18 19:21:34,514:INFO:Creating preprocessing pipeline
2022-07-18 19:21:34,518:INFO:Preprocessing pipeline created successfully
2022-07-18 19:21:34,519:ERROR:(Process Exit): setup has been interupted with user command 'quit'. setup must rerun.
2022-07-18 19:21:34,519:INFO:Creating global containers
